============================= test session starts ==============================
platform darwin -- Python 3.12.6, pytest-9.1.1, pluggy-1.6.0 -- /Users/mazvitanhidza/ai110-module1show-gameglitchinvestigator-starter/.venv/bin/python
cachedir: .pytest_cache
rootdir: /Users/mazvitanhidza/ai110-module1show-gameglitchinvestigator-starter
plugins: anyio-4.14.0
collecting ... collected 35 items

test/test_game_logic.py::test_correct_guess_wins PASSED                  [  2%]
test/test_game_logic.py::test_guess_too_high_says_go_lower PASSED        [  5%]
test/test_game_logic.py::test_guess_too_low_says_go_higher PASSED        [  8%]
test/test_game_logic.py::test_outcome_matches_numeric_comparison[2-1-Too High] PASSED [ 11%]
test/test_game_logic.py::test_outcome_matches_numeric_comparison[1-2-Too Low] PASSED [ 14%]
test/test_game_logic.py::test_outcome_matches_numeric_comparison[100-99-Too High] PASSED [ 17%]
test/test_game_logic.py::test_outcome_matches_numeric_comparison[99-100-Too Low] PASSED [ 20%]
test/test_game_logic.py::test_outcome_matches_numeric_comparison[50-50-Win] PASSED [ 22%]
test/test_game_logic.py::test_hint_direction_is_not_swapped PASSED       [ 25%]
test/test_game_logic.py::test_known_difficulties_return_expected_range[Easy-expected_range0] PASSED [ 28%]
test/test_game_logic.py::test_known_difficulties_return_expected_range[Normal-expected_range1] PASSED [ 31%]
test/test_game_logic.py::test_known_difficulties_return_expected_range[Hard-expected_range2] PASSED [ 34%]
test/test_game_logic.py::test_unknown_difficulty_falls_back_to_default_range PASSED [ 37%]
test/test_game_logic.py::test_parse_guess_accepts_plain_integer PASSED   [ 40%]
test/test_game_logic.py::test_parse_guess_truncates_decimal_input PASSED [ 42%]
test/test_game_logic.py::test_parse_guess_rejects_none PASSED            [ 45%]
test/test_game_logic.py::test_parse_guess_rejects_empty_string PASSED    [ 48%]
test/test_game_logic.py::test_parse_guess_rejects_non_numeric_input PASSED [ 51%]
test/test_game_logic.py::test_first_guess_win_awards_ninety PASSED       [ 54%]
test/test_game_logic.py::test_win_points_decrease_with_more_attempts[1-90] PASSED [ 57%]
test/test_game_logic.py::test_win_points_decrease_with_more_attempts[2-80] PASSED [ 60%]
test/test_game_logic.py::test_win_points_decrease_with_more_attempts[5-50] PASSED [ 62%]
test/test_game_logic.py::test_win_points_decrease_with_more_attempts[9-10] PASSED [ 65%]
test/test_game_logic.py::test_win_points_are_floored_at_ten PASSED       [ 68%]
test/test_game_logic.py::test_win_adds_to_existing_score PASSED          [ 71%]
test/test_game_logic.py::test_too_high_always_costs_five[1] PASSED       [ 74%]
test/test_game_logic.py::test_too_high_always_costs_five[2] PASSED       [ 77%]
test/test_game_logic.py::test_too_high_always_costs_five[3] PASSED       [ 80%]
test/test_game_logic.py::test_too_high_always_costs_five[4] PASSED       [ 82%]
test/test_game_logic.py::test_too_low_always_costs_five[1] PASSED        [ 85%]
test/test_game_logic.py::test_too_low_always_costs_five[2] PASSED        [ 88%]
test/test_game_logic.py::test_too_low_always_costs_five[3] PASSED        [ 91%]
test/test_game_logic.py::test_too_low_always_costs_five[4] PASSED        [ 94%]
test/test_game_logic.py::test_wrong_guesses_are_penalized_equally PASSED [ 97%]
test/test_game_logic.py::test_unknown_outcome_leaves_score_unchanged PASSED [100%]

============================== 35 passed in 0.02s ==============================
